<?xml version="1.0" encoding="UTF-8"?>
<!-- Generated by org.testng.reporters.JUnitXMLReporter -->
<testsuite hostname="DESKTOP-JFRSRNI" ignored="0" name="Default test" tests="4" failures="0" timestamp="14 Mar 2019 00:50:21 GMT" time="20.077" errors="0">
  <testcase name="VerifyLogoofThePage" time="0.026" classname="com.TestCases.LoginPageTest"/>
  <testcase name="VerifyTitleofThePage" time="0.004" classname="com.TestCases.LoginPageTest"/>
  <testcase name="VerifyLoginPage" time="1.345" classname="com.TestCases.LoginPageTest"/>
  <testcase name="VerifyErrorMessage" time="0.816" classname="com.TestCases.LoginPageTest"/>
</testsuite> <!-- Default test -->
