<?xml version="1.0" encoding="UTF-8"?>
<!-- Generated by org.testng.reporters.JUnitXMLReporter -->
<testsuite hostname="Gil-8700k" ignored="0" name="Test" tests="7" failures="0" timestamp="2019-03-09T12:10:17 EST" time="26.706" errors="0">
  <testcase name="@BeforeMethod SetUp" time="3.72" classname="com.TestCases.ProductandServicesPageTest">
    <failure type="java.lang.NullPointerException">
      <![CDATA[java.lang.NullPointerException
at com.TestCases.ProductandServicesPageTest.SetUp(ProductandServicesPageTest.java:27)
... Removed 31 stack frames]]>
    </failure>
  </testcase> <!-- @BeforeMethod SetUp -->
  <testcase name="@AfterMethod TearDown" time="-1.552151417379E9" classname="com.TestCases.ProductandServicesPageTest">
    <skipped/>
  </testcase> <!-- @AfterMethod TearDown -->
  <testcase name="@BeforeMethod SetUp" time="-1.552151417379E9" classname="com.TestCases.ProductandServicesPageTest">
    <skipped/>
  </testcase> <!-- @BeforeMethod SetUp -->
  <testcase name="@AfterMethod TearDown" time="-1.552151417381E9" classname="com.TestCases.ProductandServicesPageTest">
    <skipped/>
  </testcase> <!-- @AfterMethod TearDown -->
  <testcase name="@BeforeMethod SetUp" time="-1.552151417382E9" classname="com.TestCases.ProductandServicesPageTest">
    <skipped/>
  </testcase> <!-- @BeforeMethod SetUp -->
  <testcase name="@AfterMethod TearDown" time="-1.552151417384E9" classname="com.TestCases.ProductandServicesPageTest">
    <skipped/>
  </testcase> <!-- @AfterMethod TearDown -->
  <testcase name="VerifyLogoofThePage" time="0.044" classname="com.TestCases.LoginPageTest"/>
  <testcase name="VerifyTitleofThePage" time="0.007" classname="com.TestCases.LoginPageTest"/>
  <testcase name="VerifyLoginPage" time="1.565" classname="com.TestCases.LoginPageTest"/>
  <testcase name="VerifyErrorMessage" time="0.96" classname="com.TestCases.LoginPageTest"/>
  <testcase name="ClickNewService" time="0.0" classname="com.TestCases.ProductandServicesPageTest">
    <skipped/>
  </testcase> <!-- ClickNewService -->
  <testcase name="ClickProductandService" time="0.0" classname="com.TestCases.ProductandServicesPageTest">
    <skipped/>
  </testcase> <!-- ClickProductandService -->
  <testcase name="CreateNewOrder" time="0.0" classname="com.TestCases.ProductandServicesPageTest">
    <skipped/>
  </testcase> <!-- CreateNewOrder -->
</testsuite> <!-- Test -->
